<?xml version="1.0" encoding="UTF-8" standalone="no"?>
<!DOCTYPE log SYSTEM "logger.dtd">
<log>
<record>
  <date>2020-10-20T14:43:52.887-0300</date>
  <logger>NICOLAS MOREIRA NOBRE LEITE</logger>
  <level>FINE</level>
  <message>File 119110256-NICOLAS MOREIRA NOBRE LEITE.zip was received. It was sent by NICOLAS MOREIRA NOBRE LEITE from IP 192.168.0.92 at 20-10-2020 14*43*52</message>
</record>
</log>
<?xml version="1.0" encoding="UTF-8" standalone="no"?>
<!DOCTYPE log SYSTEM "logger.dtd">
<log>
<record>
  <date>2020-10-21T18:01:01.025-0300</date>
  <logger>NICOLAS MOREIRA NOBRE LEITE</logger>
  <level>FINE</level>
  <message>File 119110256-NICOLAS MOREIRA NOBRE LEITE.zip was received. It was sent by NICOLAS MOREIRA NOBRE LEITE from IP 192.168.0.92 at 21-10-2020 18*01*01</message>
</record>
</log>
<?xml version="1.0" encoding="UTF-8" standalone="no"?>
<!DOCTYPE log SYSTEM "logger.dtd">
<log>
<record>
  <date>2020-10-21T19:10:18.420-0300</date>
  <logger>NICOLAS MOREIRA NOBRE LEITE</logger>
  <level>FINE</level>
  <message>File 119110256-NICOLAS MOREIRA NOBRE LEITE.zip was received. It was sent by NICOLAS MOREIRA NOBRE LEITE from IP 192.168.0.92 at 21-10-2020 19*10*18</message>
</record>
</log>
<?xml version="1.0" encoding="UTF-8" standalone="no"?>
<!DOCTYPE log SYSTEM "logger.dtd">
<log>
<record>
  <date>2020-10-22T17:26:30.448-0300</date>
  <logger>NICOLAS MOREIRA NOBRE LEITE</logger>
  <level>FINE</level>
  <message>File 119110256-NICOLAS MOREIRA NOBRE LEITE.zip was received. It was sent by NICOLAS MOREIRA NOBRE LEITE from IP 192.168.0.92 at 22-10-2020 17*26*30</message>
</record>
</log>
<?xml version="1.0" encoding="UTF-8" standalone="no"?>
<!DOCTYPE log SYSTEM "logger.dtd">
<log>
<record>
  <date>2020-10-23T12:30:33.442-0300</date>
  <logger>NICOLAS MOREIRA NOBRE LEITE</logger>
  <level>FINE</level>
  <message>File 119110256-NICOLAS MOREIRA NOBRE LEITE.zip was received. It was sent by NICOLAS MOREIRA NOBRE LEITE from IP 192.168.0.92 at 23-10-2020 12*30*33</message>
</record>
</log>
<?xml version="1.0" encoding="UTF-8" standalone="no"?>
<!DOCTYPE log SYSTEM "logger.dtd">
<log>
<record>
  <date>2020-10-25T17:06:09.432-0300</date>
  <logger>NICOLAS MOREIRA NOBRE LEITE</logger>
  <level>FINE</level>
  <message>File 119110256-NICOLAS MOREIRA NOBRE LEITE.zip was received. It was sent by NICOLAS MOREIRA NOBRE LEITE from IP 192.168.0.92 at 25-10-2020 17*06*09</message>
</record>
