<?xml version="1.0" encoding="UTF-8" standalone="no"?>
<!DOCTYPE log SYSTEM "logger.dtd">
<log>
<record>
  <date>2020-09-28T18:59:53.236-0300</date>
  <logger>NICOLAS MOREIRA NOBRE LEITE</logger>
  <level>FINE</level>
  <message>File 119110256-NICOLAS MOREIRA NOBRE LEITE.zip was received. It was sent by NICOLAS MOREIRA NOBRE LEITE from IP 192.168.0.92 at 28-09-2020 18*59*53</message>
</record>
</log>
<?xml version="1.0" encoding="UTF-8" standalone="no"?>
<!DOCTYPE log SYSTEM "logger.dtd">
<log>
<record>
  <date>2020-09-30T10:26:10.646-0300</date>
  <logger>NICOLAS MOREIRA NOBRE LEITE</logger>
  <level>FINE</level>
  <message>File 119110256-NICOLAS MOREIRA NOBRE LEITE.zip was received. It was sent by NICOLAS MOREIRA NOBRE LEITE from IP 192.168.0.92 at 30-09-2020 10*26*10</message>
</record>
</log>
<?xml version="1.0" encoding="UTF-8" standalone="no"?>
<!DOCTYPE log SYSTEM "logger.dtd">
<log>
<record>
  <date>2020-10-01T16:25:08.664-0300</date>
  <logger>NICOLAS MOREIRA NOBRE LEITE</logger>
  <level>FINE</level>
  <message>File 119110256-NICOLAS MOREIRA NOBRE LEITE.zip was received. It was sent by NICOLAS MOREIRA NOBRE LEITE from IP 192.168.0.92 at 01-10-2020 16*25*08</message>
</record>
</log>
<?xml version="1.0" encoding="UTF-8" standalone="no"?>
<!DOCTYPE log SYSTEM "logger.dtd">
<log>
<record>
  <date>2020-10-04T13:46:55.931-0300</date>
  <logger>NICOLAS MOREIRA NOBRE LEITE</logger>
  <level>FINE</level>
  <message>File 119110256-NICOLAS MOREIRA NOBRE LEITE.zip was received. It was sent by NICOLAS MOREIRA NOBRE LEITE from IP 192.168.0.92 at 04-10-2020 13*46*55</message>
</record>
</log>
<?xml version="1.0" encoding="UTF-8" standalone="no"?>
<!DOCTYPE log SYSTEM "logger.dtd">
<log>
<record>
  <date>2020-10-04T16:08:12.809-0300</date>
  <logger>NICOLAS MOREIRA NOBRE LEITE</logger>
  <level>FINE</level>
  <message>File 119110256-NICOLAS MOREIRA NOBRE LEITE.zip was received. It was sent by NICOLAS MOREIRA NOBRE LEITE from IP 192.168.0.92 at 04-10-2020 16*08*12</message>
</record>
</log>
<?xml version="1.0" encoding="UTF-8" standalone="no"?>
<!DOCTYPE log SYSTEM "logger.dtd">
<log>
<record>
  <date>2020-10-04T18:10:37.905-0300</date>
  <logger>NICOLAS MOREIRA NOBRE LEITE</logger>
  <level>FINE</level>
  <message>File 119110256-NICOLAS MOREIRA NOBRE LEITE.zip was received. It was sent by NICOLAS MOREIRA NOBRE LEITE from IP 192.168.0.92 at 04-10-2020 18*10*37</message>
</record>
