<?xml version="1.0" encoding="UTF-8" standalone="no"?>
<!DOCTYPE log SYSTEM "logger.dtd">
<log>
<record>
  <date>2020-10-27T13:45:01.500-0300</date>
  <logger>NICOLAS MOREIRA NOBRE LEITE</logger>
  <level>FINE</level>
  <message>File 119110256-NICOLAS MOREIRA NOBRE LEITE.zip was received. It was sent by NICOLAS MOREIRA NOBRE LEITE from IP 192.168.0.233 at 27-10-2020 13*45*01</message>
</record>
</log>
<?xml version="1.0" encoding="UTF-8" standalone="no"?>
<!DOCTYPE log SYSTEM "logger.dtd">
<log>
<record>
  <date>2020-10-27T18:54:21.758-0300</date>
  <logger>NICOLAS MOREIRA NOBRE LEITE</logger>
  <level>FINE</level>
  <message>File 119110256-NICOLAS MOREIRA NOBRE LEITE.zip was received. It was sent by NICOLAS MOREIRA NOBRE LEITE from IP 192.168.0.233 at 27-10-2020 18*54*21</message>
</record>
</log>
<?xml version="1.0" encoding="UTF-8" standalone="no"?>
<!DOCTYPE log SYSTEM "logger.dtd">
<log>
<record>
  <date>2020-10-28T11:36:20.909-0300</date>
  <logger>NICOLAS MOREIRA NOBRE LEITE</logger>
  <level>FINE</level>
  <message>File 119110256-NICOLAS MOREIRA NOBRE LEITE.zip was received. It was sent by NICOLAS MOREIRA NOBRE LEITE from IP 192.168.0.233 at 28-10-2020 11*36*20</message>
</record>
</log>
<?xml version="1.0" encoding="UTF-8" standalone="no"?>
<!DOCTYPE log SYSTEM "logger.dtd">
<log>
<record>
  <date>2020-10-29T15:55:16.776-0300</date>
  <logger>NICOLAS MOREIRA NOBRE LEITE</logger>
  <level>FINE</level>
  <message>File 119110256-NICOLAS MOREIRA NOBRE LEITE.zip was received. It was sent by NICOLAS MOREIRA NOBRE LEITE from IP 192.168.0.92 at 29-10-2020 15*55*16</message>
</record>
</log>
<?xml version="1.0" encoding="UTF-8" standalone="no"?>
<!DOCTYPE log SYSTEM "logger.dtd">
<log>
<record>
  <date>2020-10-31T17:03:56.503-0300</date>
  <logger>NICOLAS MOREIRA NOBRE LEITE</logger>
  <level>FINE</level>
  <message>File 119110256-NICOLAS MOREIRA NOBRE LEITE.zip was received. It was sent by NICOLAS MOREIRA NOBRE LEITE from IP 192.168.0.92 at 31-10-2020 17*03*56</message>
</record>
