<?xml version="1.0" encoding="UTF-8" standalone="no"?>
<!DOCTYPE log SYSTEM "logger.dtd">
<log>
<record>
  <date>2020-10-13T14:15:11.327-0300</date>
  <logger>NICOLAS MOREIRA NOBRE LEITE</logger>
  <level>FINE</level>
  <message>File 119110256-NICOLAS MOREIRA NOBRE LEITE.zip was received. It was sent by NICOLAS MOREIRA NOBRE LEITE from IP 192.168.0.92 at 13-10-2020 14*15*11</message>
</record>
</log>
<?xml version="1.0" encoding="UTF-8" standalone="no"?>
<!DOCTYPE log SYSTEM "logger.dtd">
<log>
<record>
  <date>2020-10-15T16:41:53.016-0300</date>
  <logger>NICOLAS MOREIRA NOBRE LEITE</logger>
  <level>FINE</level>
  <message>File 119110256-NICOLAS MOREIRA NOBRE LEITE.zip was received. It was sent by NICOLAS MOREIRA NOBRE LEITE from IP 192.168.0.92 at 15-10-2020 16*41*53</message>
</record>
</log>
<?xml version="1.0" encoding="UTF-8" standalone="no"?>
<!DOCTYPE log SYSTEM "logger.dtd">
<log>
<record>
  <date>2020-10-16T10:41:15.999-0300</date>
  <logger>NICOLAS MOREIRA NOBRE LEITE</logger>
  <level>FINE</level>
  <message>File 119110256-NICOLAS MOREIRA NOBRE LEITE.zip was received. It was sent by NICOLAS MOREIRA NOBRE LEITE from IP 192.168.0.92 at 16-10-2020 10*41*15</message>
</record>
</log>
<?xml version="1.0" encoding="UTF-8" standalone="no"?>
<!DOCTYPE log SYSTEM "logger.dtd">
<log>
<record>
  <date>2020-10-16T15:58:17.963-0300</date>
  <logger>NICOLAS MOREIRA NOBRE LEITE</logger>
  <level>FINE</level>
  <message>File 119110256-NICOLAS MOREIRA NOBRE LEITE.zip was received. It was sent by NICOLAS MOREIRA NOBRE LEITE from IP 192.168.0.92 at 16-10-2020 15*58*17</message>
</record>
</log>
<?xml version="1.0" encoding="UTF-8" standalone="no"?>
<!DOCTYPE log SYSTEM "logger.dtd">
<log>
<record>
  <date>2020-10-16T15:59:02.249-0300</date>
  <logger>NICOLAS MOREIRA NOBRE LEITE</logger>
  <level>FINE</level>
  <message>File 119110256-NICOLAS MOREIRA NOBRE LEITE.zip was received. It was sent by NICOLAS MOREIRA NOBRE LEITE from IP 192.168.0.92 at 16-10-2020 15*59*02</message>
</record>
</log>
<?xml version="1.0" encoding="UTF-8" standalone="no"?>
<!DOCTYPE log SYSTEM "logger.dtd">
<log>
<record>
  <date>2020-10-18T10:55:01.596-0300</date>
  <logger>NICOLAS MOREIRA NOBRE LEITE</logger>
  <level>FINE</level>
  <message>File 119110256-NICOLAS MOREIRA NOBRE LEITE.zip was received. It was sent by NICOLAS MOREIRA NOBRE LEITE from IP 192.168.0.92 at 18-10-2020 10*55*01</message>
</record>
</log>
<?xml version="1.0" encoding="UTF-8" standalone="no"?>
<!DOCTYPE log SYSTEM "logger.dtd">
<log>
<record>
  <date>2020-10-19T00:17:55.052-0300</date>
  <logger>NICOLAS MOREIRA NOBRE LEITE</logger>
  <level>FINE</level>
  <message>File 119110256-NICOLAS MOREIRA NOBRE LEITE.zip was received. It was sent by NICOLAS MOREIRA NOBRE LEITE from IP 192.168.0.92 at 19-10-2020 00*17*55</message>
</record>
