<?xml version="1.0" encoding="UTF-8" standalone="no"?>
<!DOCTYPE log SYSTEM "logger.dtd">
<log>
<record>
  <date>2020-09-21T11:03:00.526-0300</date>
  <logger>NICOLAS MOREIRA NOBRE LEITE</logger>
  <level>FINE</level>
  <message>File 119110256-NICOLAS MOREIRA NOBRE LEITE.zip was received. It was sent by NICOLAS MOREIRA NOBRE LEITE from IP 192.168.0.92 at 21-09-2020 11*03*00</message>
</record>
</log>
<?xml version="1.0" encoding="UTF-8" standalone="no"?>
<!DOCTYPE log SYSTEM "logger.dtd">
<log>
<record>
  <date>2020-09-24T17:43:03.817-0300</date>
  <logger>NICOLAS MOREIRA NOBRE LEITE</logger>
  <level>FINE</level>
  <message>File 119110256-NICOLAS MOREIRA NOBRE LEITE.zip was received. It was sent by NICOLAS MOREIRA NOBRE LEITE from IP 192.168.0.92 at 24-09-2020 17*43*03</message>
</record>
</log>
<?xml version="1.0" encoding="UTF-8" standalone="no"?>
<!DOCTYPE log SYSTEM "logger.dtd">
<log>
<record>
  <date>2020-09-26T12:46:15.487-0300</date>
  <logger>NICOLAS MOREIRA NOBRE LEITE</logger>
  <level>FINE</level>
  <message>File 119110256-NICOLAS MOREIRA NOBRE LEITE.zip was received. It was sent by NICOLAS MOREIRA NOBRE LEITE from IP 192.168.0.92 at 26-09-2020 12*46*15</message>
</record>
</log>
<?xml version="1.0" encoding="UTF-8" standalone="no"?>
<!DOCTYPE log SYSTEM "logger.dtd">
<log>
<record>
  <date>2020-09-26T15:37:44.954-0300</date>
  <logger>NICOLAS MOREIRA NOBRE LEITE</logger>
  <level>FINE</level>
  <message>File 119110256-NICOLAS MOREIRA NOBRE LEITE.zip was received. It was sent by NICOLAS MOREIRA NOBRE LEITE from IP 192.168.0.92 at 26-09-2020 15*37*44</message>
</record>
</log>
<?xml version="1.0" encoding="UTF-8" standalone="no"?>
<!DOCTYPE log SYSTEM "logger.dtd">
<log>
<record>
  <date>2020-09-27T19:03:56.818-0300</date>
  <logger>NICOLAS MOREIRA NOBRE LEITE</logger>
  <level>FINE</level>
  <message>File 119110256-NICOLAS MOREIRA NOBRE LEITE.zip was received. It was sent by NICOLAS MOREIRA NOBRE LEITE from IP 192.168.0.92 at 27-09-2020 19*03*56</message>
</record>
</log>
<?xml version="1.0" encoding="UTF-8" standalone="no"?>
<!DOCTYPE log SYSTEM "logger.dtd">
<log>
<record>
  <date>2020-09-27T19:09:13.623-0300</date>
  <logger>NICOLAS MOREIRA NOBRE LEITE</logger>
  <level>FINE</level>
  <message>File 119110256-NICOLAS MOREIRA NOBRE LEITE.zip was received. It was sent by NICOLAS MOREIRA NOBRE LEITE from IP 192.168.0.92 at 27-09-2020 19*09*13</message>
</record>
